Determining if the pthread_create exist failed with the following output:
Change Dir: /net/home/francis.james/catkin_ws/build_isolated/cartographer_ros_msgs/CMakeFiles/CMakeTmp

Run Build Command:/usr/bin/ninja cmTryCompileExec3591220544
[1/2] Building C object CMakeFiles/cmTryCompileExec3591220544.dir/CheckSymbolExists.c.o
[2/2] Linking C executable cmTryCompileExec3591220544
FAILED: : && /usr/bin/cc     CMakeFiles/cmTryCompileExec3591220544.dir/CheckSymbolExists.c.o  -o cmTryCompileExec3591220544  -rdynamic && :
CMakeFiles/cmTryCompileExec3591220544.dir/CheckSymbolExists.c.o: In function `main':
CheckSymbolExists.c:(.text+0x16): undefined reference to `pthread_create'
collect2: error: ld returned 1 exit status
ninja: build stopped: subcommand failed.

File /net/home/francis.james/catkin_ws/build_isolated/cartographer_ros_msgs/CMakeFiles/CMakeTmp/CheckSymbolExists.c:
/* */
#include <pthread.h>

int main(int argc, char** argv)
{
  (void)argv;
#ifndef pthread_create
  return ((int*)(&pthread_create))[argc];
#else
  (void)argc;
  return 0;
#endif
}

Determining if the function pthread_create exists in the pthreads failed with the following output:
Change Dir: /net/home/francis.james/catkin_ws/build_isolated/cartographer_ros_msgs/CMakeFiles/CMakeTmp

Run Build Command:/usr/bin/ninja cmTryCompileExec3277857355
[1/2] Building C object CMakeFiles/cmTryCompileExec3277857355.dir/CheckFunctionExists.c.o
[2/2] Linking C executable cmTryCompileExec3277857355
FAILED: : && /usr/bin/cc  -DCHECK_FUNCTION_EXISTS=pthread_create   CMakeFiles/cmTryCompileExec3277857355.dir/CheckFunctionExists.c.o  -o cmTryCompileExec3277857355  -rdynamic -lpthreads && :
/usr/bin/ld: cannot find -lpthreads
collect2: error: ld returned 1 exit status
ninja: build stopped: subcommand failed.


