Determining if the pthread_create exist failed with the following output:
Change Dir: /net/home/francis.james/catkin_ws/build/CMakeFiles/CMakeTmp

Run Build Command:/usr/bin/make "cmTryCompileExec533696364/fast"
make: Warning: File `Makefile' has modification time 0.27 s in the future
/usr/bin/make -f CMakeFiles/cmTryCompileExec533696364.dir/build.make CMakeFiles/cmTryCompileExec533696364.dir/build
make[1]: Entering directory `/net/home/francis.james/catkin_ws/build/CMakeFiles/CMakeTmp'
make[1]: Warning: File `CMakeFiles/cmTryCompileExec533696364.dir/flags.make' has modification time 0.27 s in the future
/usr/bin/cmake -E cmake_progress_report /net/home/francis.james/catkin_ws/build/CMakeFiles/CMakeTmp/CMakeFiles 1
Building C object CMakeFiles/cmTryCompileExec533696364.dir/CheckSymbolExists.c.o
/usr/bin/cc    -o CMakeFiles/cmTryCompileExec533696364.dir/CheckSymbolExists.c.o   -c /net/home/francis.james/catkin_ws/build/CMakeFiles/CMakeTmp/CheckSymbolExists.c
Linking C executable cmTryCompileExec533696364
/usr/bin/cmake -E cmake_link_script CMakeFiles/cmTryCompileExec533696364.dir/link.txt --verbose=1
/usr/bin/cc       CMakeFiles/cmTryCompileExec533696364.dir/CheckSymbolExists.c.o  -o cmTryCompileExec533696364 -rdynamic 
CMakeFiles/cmTryCompileExec533696364.dir/CheckSymbolExists.c.o: In function `main':
CheckSymbolExists.c:(.text+0x16): undefined reference to `pthread_create'
collect2: error: ld returned 1 exit status
make[1]: *** [cmTryCompileExec533696364] Error 1
make[1]: Leaving directory `/net/home/francis.james/catkin_ws/build/CMakeFiles/CMakeTmp'
make: *** [cmTryCompileExec533696364/fast] Error 2

File /net/home/francis.james/catkin_ws/build/CMakeFiles/CMakeTmp/CheckSymbolExists.c:
/* */
#include <pthread.h>

int main(int argc, char** argv)
{
  (void)argv;
#ifndef pthread_create
  return ((int*)(&pthread_create))[argc];
#else
  (void)argc;
  return 0;
#endif
}

Determining if the function pthread_create exists in the pthreads failed with the following output:
Change Dir: /net/home/francis.james/catkin_ws/build/CMakeFiles/CMakeTmp

Run Build Command:/usr/bin/make "cmTryCompileExec3696298404/fast"
make: Warning: File `Makefile' has modification time 0.28 s in the future
/usr/bin/make -f CMakeFiles/cmTryCompileExec3696298404.dir/build.make CMakeFiles/cmTryCompileExec3696298404.dir/build
make[1]: Entering directory `/net/home/francis.james/catkin_ws/build/CMakeFiles/CMakeTmp'
make[1]: Warning: File `CMakeFiles/cmTryCompileExec3696298404.dir/flags.make' has modification time 0.27 s in the future
/usr/bin/cmake -E cmake_progress_report /net/home/francis.james/catkin_ws/build/CMakeFiles/CMakeTmp/CMakeFiles 1
Building C object CMakeFiles/cmTryCompileExec3696298404.dir/CheckFunctionExists.c.o
/usr/bin/cc   -DCHECK_FUNCTION_EXISTS=pthread_create   -o CMakeFiles/cmTryCompileExec3696298404.dir/CheckFunctionExists.c.o   -c /usr/share/cmake-2.8/Modules/CheckFunctionExists.c
Linking C executable cmTryCompileExec3696298404
/usr/bin/cmake -E cmake_link_script CMakeFiles/cmTryCompileExec3696298404.dir/link.txt --verbose=1
/usr/bin/cc   -DCHECK_FUNCTION_EXISTS=pthread_create    CMakeFiles/cmTryCompileExec3696298404.dir/CheckFunctionExists.c.o  -o cmTryCompileExec3696298404 -rdynamic -lpthreads 
/usr/bin/ld: cannot find -lpthreads
collect2: error: ld returned 1 exit status
make[1]: *** [cmTryCompileExec3696298404] Error 1
make[1]: Leaving directory `/net/home/francis.james/catkin_ws/build/CMakeFiles/CMakeTmp'
make: *** [cmTryCompileExec3696298404/fast] Error 2


